Using pre-set license
Built from '2021.1/staging' branch; Version is '2021.1.3f1 (4bef613afd59) revision 4976481'; Using compiler version '192528614'; Build Type 'Release'
OS: 'Windows 10 Pro; OS build 19042.1052; Version 2009; 64bit' Language: 'tr' Physical Memory: 6023 MB
BatchMode: 1, IsHumanControllingUs: 0, StartBugReporterOnCrash: 0, Is64bit: 1, IsPro: 0

 COMMAND LINE ARGUMENTS:
C:\Program Files\Unity\Hub\Editor\2021.1.3f1\Editor\Unity.exe
-adb2
-batchMode
-noUpm
-name
AssetImportWorker0
-projectPath
C:/Users/CJ/Documents/GitHub/2Ddeniyoruz/2dGitHubProje
-logFile
Logs/AssetImportWorker0.log
-srvPort
49970
Successfully changed project path to: C:/Users/CJ/Documents/GitHub/2Ddeniyoruz/2dGitHubProje
C:/Users/CJ/Documents/GitHub/2Ddeniyoruz/2dGitHubProje
Using Asset Import Pipeline V2.
Refreshing native plugins compatible for Editor in 210.28 ms, found 2 plugins.
Preloading 0 native plugins for Editor in 0.00 ms.
Initialize engine version: 2021.1.3f1 (4bef613afd59)
[Subsystems] Discovering subsystems at path C:/Program Files/Unity/Hub/Editor/2021.1.3f1/Editor/Data/Resources/UnitySubsystems
[Subsystems] Discovering subsystems at path C:/Users/CJ/Documents/GitHub/2Ddeniyoruz/2dGitHubProje/Assets
GfxDevice: creating device client; threaded=0; jobified=0
Direct3D:
    Version:  Direct3D 11.0 [level 11.0]
    Renderer: NVIDIA GeForce GT 740M (ID=0x1292)
    Vendor:   NVIDIA
    VRAM:     986 MB
    Driver:   25.21.14.2531
Initialize mono
Mono path[0] = 'C:/Program Files/Unity/Hub/Editor/2021.1.3f1/Editor/Data/Managed'
Mono path[1] = 'C:/Program Files/Unity/Hub/Editor/2021.1.3f1/Editor/Data/MonoBleedingEdge/lib/mono/unityjit'
Mono config path = 'C:/Program Files/Unity/Hub/Editor/2021.1.3f1/Editor/Data/MonoBleedingEdge/etc'
Using monoOptions --debugger-agent=transport=dt_socket,embedding=1,server=y,suspend=n,address=127.0.0.1:56512
Begin MonoManager ReloadAssembly
Registering precompiled unity dll's ...
Register platform support module: C:/Program Files/Unity/Hub/Editor/2021.1.3f1/Editor/Data/PlaybackEngines/WindowsStandaloneSupport/UnityEditor.WindowsStandalone.Extensions.dll
Registered in 0.003961 seconds.
Native extension for WindowsStandalone target not found
Refreshing native plugins compatible for Editor in 215.55 ms, found 2 plugins.
Preloading 0 native plugins for Editor in 0.00 ms.
Mono: successfully reloaded assembly
- Completed reload, in  4.024 seconds
Platform modules already initialized, skipping
Registering precompiled user dll's ...
Registered in 0.006629 seconds.
Begin MonoManager ReloadAssembly
Native extension for WindowsStandalone target not found
Refreshing native plugins compatible for Editor in 212.11 ms, found 2 plugins.
Preloading 0 native plugins for Editor in 0.00 ms.
Mono: successfully reloaded assembly
- Completed reload, in  2.349 seconds
Platform modules already initialized, skipping
========================================================================
Worker process is ready to serve import requests
Launched and connected shader compiler UnityShaderCompiler.exe after 0.09 seconds
Refreshing native plugins compatible for Editor in 0.99 ms, found 2 plugins.
Preloading 0 native plugins for Editor in 0.00 ms.
Unloading 3370 Unused Serialized files (Serialized files now loaded: 0)
System memory in use before: 127.8 MB.
System memory in use after: 128.0 MB.

Unloading 24 unused Assets to reduce memory usage. Loaded Objects now: 3827.
Total: 4.084700 ms (FindLiveObjects: 0.407300 ms CreateObjectMapping: 0.278300 ms MarkObjects: 3.289000 ms  DeleteObjects: 0.107000 ms)

========================================================================
Received Import Request.
  path: Assets/New Folder
  artifactKey: Guid(d53585fb2609cb94690112be0454deb9) Importer(815301076,1909f56bfc062723c751e8b465ee728b)
Start importing Assets/New Folder using Guid(d53585fb2609cb94690112be0454deb9) Importer(815301076,1909f56bfc062723c751e8b465ee728b)  -> (artifact id: 'a1a94ee4394e6d4ad501a4d21689590f') in 0.016164 seconds 
========================================================================
Received Import Request.
  Time since last request: 9.339166 seconds.
  path: Assets/Scenes
  artifactKey: Guid(4668080687b45fe4e9c06d62c374f6bc) Importer(815301076,1909f56bfc062723c751e8b465ee728b)
Start importing Assets/Scenes using Guid(4668080687b45fe4e9c06d62c374f6bc) Importer(815301076,1909f56bfc062723c751e8b465ee728b)  -> (artifact id: 'd6e54cd4e1e0b644611f6df9bf41f3d2') in 0.015017 seconds 
========================================================================
Received Import Request.
  Time since last request: 283.372119 seconds.
  path: Assets/Çevrevs
  artifactKey: Guid(d53585fb2609cb94690112be0454deb9) Importer(815301076,1909f56bfc062723c751e8b465ee728b)
Start importing Assets/Çevrevs using Guid(d53585fb2609cb94690112be0454deb9) Importer(815301076,1909f56bfc062723c751e8b465ee728b)  -> (artifact id: '580bfb697a0aea02cf86cc0380c5f491') in 0.013243 seconds 
========================================================================
Received Import Request.
  Time since last request: 6.316803 seconds.
  path: Assets/KarekterveBot
  artifactKey: Guid(e1f5e5f8a9bacf84fa00ac25ac939f9b) Importer(815301076,1909f56bfc062723c751e8b465ee728b)
Start importing Assets/KarekterveBot using Guid(e1f5e5f8a9bacf84fa00ac25ac939f9b) Importer(815301076,1909f56bfc062723c751e8b465ee728b)  -> (artifact id: 'ad4d7b33c98a75b3e03ec8e2e2e699cf') in 0.012973 seconds 
========================================================================
Received Import Request.
  Time since last request: 35.999992 seconds.
  path: Assets/Çevrevs/çimen3.png
  artifactKey: Guid(fec92cabedc3fd64e9208efe1f73b4f5) Importer(815301076,1909f56bfc062723c751e8b465ee728b)
Start importing Assets/Çevrevs/çimen3.png using Guid(fec92cabedc3fd64e9208efe1f73b4f5) Importer(815301076,1909f56bfc062723c751e8b465ee728b)  -> (artifact id: '78d4c19bdb4b8a9e2ffb61a8abebe5fb') in 0.169869 seconds 
========================================================================
Received Import Request.
  Time since last request: 1.011611 seconds.
  path: Assets/Çevrevs/zemin2.png
  artifactKey: Guid(8aae198811ca42640bab4e1d1d8a1644) Importer(815301076,1909f56bfc062723c751e8b465ee728b)
Start importing Assets/Çevrevs/zemin2.png using Guid(8aae198811ca42640bab4e1d1d8a1644) Importer(815301076,1909f56bfc062723c751e8b465ee728b)  -> (artifact id: '693e5efb98517f29bde5a9b8f9283480') in 0.020146 seconds 
========================================================================
Received Import Request.
  Time since last request: 6.245957 seconds.
  path: Assets/Çevrevs/Robali.png
  artifactKey: Guid(a7e6409353643a8408eb147475142b1f) Importer(815301076,1909f56bfc062723c751e8b465ee728b)
Start importing Assets/Çevrevs/Robali.png using Guid(a7e6409353643a8408eb147475142b1f) Importer(815301076,1909f56bfc062723c751e8b465ee728b)  -> (artifact id: 'a8d5360c21a96ef4e269ff11d63ecd6e') in 0.023408 seconds 
========================================================================
Received Import Request.
  Time since last request: 1.634886 seconds.
  path: Assets/KarekterveBot/kedyA.png
  artifactKey: Guid(285b974bab1add4419fc167d1dd09477) Importer(815301076,1909f56bfc062723c751e8b465ee728b)
Start importing Assets/KarekterveBot/kedyA.png using Guid(285b974bab1add4419fc167d1dd09477) Importer(815301076,1909f56bfc062723c751e8b465ee728b)  -> (artifact id: '3af51cb85bd5d3085515ca66f28b0238') in 0.024513 seconds 
========================================================================
Received Import Request.
  Time since last request: 0.538539 seconds.
  path: Assets/KarekterveBot/kedyS.png
  artifactKey: Guid(b6aefdf566862a74da64f27a391fb426) Importer(815301076,1909f56bfc062723c751e8b465ee728b)
Start importing Assets/KarekterveBot/kedyS.png using Guid(b6aefdf566862a74da64f27a391fb426) Importer(815301076,1909f56bfc062723c751e8b465ee728b)  -> (artifact id: '3ab4c82ceccff64b0b714d51ffa81fe9') in 0.023831 seconds 
========================================================================
Received Import Request.
  Time since last request: 4.355469 seconds.
  path: Assets/KarekterveBot/kedyW.png
  artifactKey: Guid(eceae758d96c2bd41a9f926e3ac8ce6e) Importer(815301076,1909f56bfc062723c751e8b465ee728b)
Start importing Assets/KarekterveBot/kedyW.png using Guid(eceae758d96c2bd41a9f926e3ac8ce6e) Importer(815301076,1909f56bfc062723c751e8b465ee728b)  -> (artifact id: 'f023ada2c4614e1c5186979d69412d89') in 0.024250 seconds 
========================================================================
Received Import Request.
  Time since last request: 77.068751 seconds.
  path: Assets/KarekterveBot/kedyA.png
  artifactKey: Guid(285b974bab1add4419fc167d1dd09477) Importer(815301076,1909f56bfc062723c751e8b465ee728b)
Start importing Assets/KarekterveBot/kedyA.png using Guid(285b974bab1add4419fc167d1dd09477) Importer(815301076,1909f56bfc062723c751e8b465ee728b)  -> (artifact id: '705d8e502cd343e4bb83f36a5f287825') in 0.026064 seconds 
========================================================================
Received Import Request.
  Time since last request: 0.794486 seconds.
  path: Assets/KarekterveBot/RobaliA.png
  artifactKey: Guid(ee740f067e151ae4ea3ad25c810d2441) Importer(815301076,1909f56bfc062723c751e8b465ee728b)
Start importing Assets/KarekterveBot/RobaliA.png using Guid(ee740f067e151ae4ea3ad25c810d2441) Importer(815301076,1909f56bfc062723c751e8b465ee728b)  -> (artifact id: '8c38bc347fdd4043f4b01b24d752d217') in 0.018768 seconds 
========================================================================
Received Import Request.
  Time since last request: 0.797405 seconds.
  path: Assets/KarekterveBot/robaliW.png
  artifactKey: Guid(ada126925415aa64aa6f20755dcb3076) Importer(815301076,1909f56bfc062723c751e8b465ee728b)
Start importing Assets/KarekterveBot/robaliW.png using Guid(ada126925415aa64aa6f20755dcb3076) Importer(815301076,1909f56bfc062723c751e8b465ee728b)  -> (artifact id: '188b1bdbc37c6932f0b5074ee91a6398') in 0.042524 seconds 
========================================================================
Received Import Request.
  Time since last request: 23.791167 seconds.
  path: ProjectSettings/TagManager.asset
  artifactKey: Guid(00000000000000003000000000000000) Importer(815301076,1909f56bfc062723c751e8b465ee728b)
Start importing ProjectSettings/TagManager.asset using Guid(00000000000000003000000000000000) Importer(815301076,1909f56bfc062723c751e8b465ee728b)  -> (artifact id: 'f2d5a8dd33a9de6c88a22d9dda8599ec') in 0.026611 seconds 
========================================================================
Received Import Request.
  Time since last request: 52.235965 seconds.
  path: Assets/Prefablar
  artifactKey: Guid(567036f3ad2b3ce40b8565dbc6708cd0) Importer(815301076,1909f56bfc062723c751e8b465ee728b)
Start importing Assets/Prefablar using Guid(567036f3ad2b3ce40b8565dbc6708cd0) Importer(815301076,1909f56bfc062723c751e8b465ee728b)  -> (artifact id: '2eb23657772e63f09043726d877bf506') in 0.009397 seconds 
========================================================================
Received Import Request.
  Time since last request: 3.107977 seconds.
  path: Assets/Prefablar/Zemin.prefab
  artifactKey: Guid(138097662a3c6b24486e569b2fde7d94) Importer(815301076,1909f56bfc062723c751e8b465ee728b)
Start importing Assets/Prefablar/Zemin.prefab using Guid(138097662a3c6b24486e569b2fde7d94) Importer(815301076,1909f56bfc062723c751e8b465ee728b)  -> (artifact id: '71883575ebee103e1f7ab7106e180a25') in 0.061309 seconds 
========================================================================
Received Import Request.
  Time since last request: 159.230988 seconds.
  path: Assets/Çevrevs/ZeminFinal.png
  artifactKey: Guid(2f730cbd2de91b14e98a8b114da3b9e2) Importer(815301076,1909f56bfc062723c751e8b465ee728b)
Start importing Assets/Çevrevs/ZeminFinal.png using Guid(2f730cbd2de91b14e98a8b114da3b9e2) Importer(815301076,1909f56bfc062723c751e8b465ee728b)  -> (artifact id: 'c6a9d7aa8df530f853c0e166afca55e7') in 0.021383 seconds 
========================================================================
Received Import Request.
  Time since last request: 5.560797 seconds.
  path: Assets/Çevrevs/zemin2.png
  artifactKey: Guid(8aae198811ca42640bab4e1d1d8a1644) Importer(815301076,1909f56bfc062723c751e8b465ee728b)
Start importing Assets/Çevrevs/zemin2.png using Guid(8aae198811ca42640bab4e1d1d8a1644) Importer(815301076,1909f56bfc062723c751e8b465ee728b)  -> (artifact id: '9faa0182c4dbf4a71a26dbf321e30525') in 0.025161 seconds 
========================================================================
Received Import Request.
  Time since last request: 23.964138 seconds.
  path: Assets/Prefablar/ZeminFinal.prefab
  artifactKey: Guid(277533cb151faae49b835f15cb30f176) Importer(815301076,1909f56bfc062723c751e8b465ee728b)
Start importing Assets/Prefablar/ZeminFinal.prefab using Guid(277533cb151faae49b835f15cb30f176) Importer(815301076,1909f56bfc062723c751e8b465ee728b)  -> (artifact id: 'ff22d56f381b5be7a7a7fb1809ad816a') in 0.020262 seconds 
========================================================================
Received Import Request.
  Time since last request: 158.189007 seconds.
  path: Assets/Prefablar/zemin 1.prefab
  artifactKey: Guid(6f30e5d27efe7d046ba2de66cac9cc34) Importer(815301076,1909f56bfc062723c751e8b465ee728b)
Start importing Assets/Prefablar/zemin 1.prefab using Guid(6f30e5d27efe7d046ba2de66cac9cc34) Importer(815301076,1909f56bfc062723c751e8b465ee728b)  -> (artifact id: 'a742af915f0b01c2e0edb90214c6c669') in 0.023072 seconds 
========================================================================
Received Import Request.
  Time since last request: 1026.923600 seconds.
  path: Assets/Çevrevs/ZeminDahaİyi.png
  artifactKey: Guid(60267cccb3b345d4a952cdc5b39da7d7) Importer(815301076,1909f56bfc062723c751e8b465ee728b)
Start importing Assets/Çevrevs/ZeminDahaİyi.png using Guid(60267cccb3b345d4a952cdc5b39da7d7) Importer(815301076,1909f56bfc062723c751e8b465ee728b)  -> (artifact id: '0cff2936cc9554e3b9401ebbe1ca5ced') in 0.047442 seconds 
========================================================================
Received Import Request.
  Time since last request: 19.580133 seconds.
  path: Assets/Prefablar/ZeminDahaİyi.prefab
  artifactKey: Guid(b5f9382332f1f634eb87e9c8a8937a3d) Importer(815301076,1909f56bfc062723c751e8b465ee728b)
Start importing Assets/Prefablar/ZeminDahaİyi.prefab using Guid(b5f9382332f1f634eb87e9c8a8937a3d) Importer(815301076,1909f56bfc062723c751e8b465ee728b)  -> (artifact id: 'ce1875f4886f9a6febff70cba3c729c5') in 0.022793 seconds 
========================================================================
Received Import Request.
  Time since last request: 591.020731 seconds.
  path: Assets/Çevrevs/Torpakyol.png
  artifactKey: Guid(e4c455aef2b0c0242b0887647fac94ca) Importer(815301076,1909f56bfc062723c751e8b465ee728b)
Start importing Assets/Çevrevs/Torpakyol.png using Guid(e4c455aef2b0c0242b0887647fac94ca) Importer(815301076,1909f56bfc062723c751e8b465ee728b)  -> (artifact id: '7611389754735d9ad39dad1da7e3f8f8') in 0.024852 seconds 
========================================================================
Received Import Request.
  Time since last request: 26.349578 seconds.
  path: Assets/Prefablar/Torpakyol.prefab
  artifactKey: Guid(f1761fa7a39897c48840be13e56fa1ed) Importer(815301076,1909f56bfc062723c751e8b465ee728b)
Start importing Assets/Prefablar/Torpakyol.prefab using Guid(f1761fa7a39897c48840be13e56fa1ed) Importer(815301076,1909f56bfc062723c751e8b465ee728b)  -> (artifact id: '92e86ba2425bf57b18e727d897c0bc2e') in 0.020660 seconds 
========================================================================
Received Import Request.
  Time since last request: 389.116180 seconds.
  path: Assets/Animation/Player.controller
  artifactKey: Guid(df4aa72a4ee18bd4a9f4b05f63856cb1) Importer(815301076,1909f56bfc062723c751e8b465ee728b)
Start importing Assets/Animation/Player.controller using Guid(df4aa72a4ee18bd4a9f4b05f63856cb1) Importer(815301076,1909f56bfc062723c751e8b465ee728b)  -> (artifact id: 'ebca815444e613eb95a4495db24dc9a1') in 0.017062 seconds 
========================================================================
Received Import Request.
  Time since last request: 75.095375 seconds.
  path: Assets/Animation/KedyW.anim
  artifactKey: Guid(9fa480fdd411e5942a6c6e765975c303) Importer(815301076,1909f56bfc062723c751e8b465ee728b)
Start importing Assets/Animation/KedyW.anim using Guid(9fa480fdd411e5942a6c6e765975c303) Importer(815301076,1909f56bfc062723c751e8b465ee728b)  -> (artifact id: '0041c70bbd8244c7fdbc5486c5a0929b') in 0.015497 seconds 
========================================================================
Received Import Request.
  Time since last request: 47.129062 seconds.
  path: Assets/Animation/Player.controller
  artifactKey: Guid(df4aa72a4ee18bd4a9f4b05f63856cb1) Importer(815301076,1909f56bfc062723c751e8b465ee728b)
Start importing Assets/Animation/Player.controller using Guid(df4aa72a4ee18bd4a9f4b05f63856cb1) Importer(815301076,1909f56bfc062723c751e8b465ee728b)  -> (artifact id: '4ba4b19f4e827c74de96305bb6668ab8') in 0.005616 seconds 
AssetImportWorkerClient::OnTransportError - code=2 error=End of file
